---------------------------------------
Begin PBS Prologue Mon Oct  7 14:23:43 EDT 2019
Job ID:     108790.ice-sched.pace.gatech.edu
User ID:    jhurley31
Job name:   job1
Queue:      coc-ice
End PBS Prologue Mon Oct  7 14:23:43 EDT 2019
---------------------------------------
Start....
Hello from task 0 on rich133-h35-15-r.pace.gatech.edu!
Hello from task 1 on rich133-h35-15-r.pace.gatech.edu!
Hello from task 2 on rich133-h35-15-r.pace.gatech.edu!
Hello from task 3 on rich133-h35-15-r.pace.gatech.edu!
Hello from task 4 on rich133-h35-15-r.pace.gatech.edu!
Hello from task 5 on rich133-h35-15-r.pace.gatech.edu!
Hello from task 6 on rich133-h35-15-r.pace.gatech.edu!
Hello from task 7 on rich133-h35-15-r.pace.gatech.edu!
MASTER: Number of MPI tasks is: 24
Hello from task 8 on rich133-h35-16-l.pace.gatech.edu!
Hello from task 9 on rich133-h35-16-l.pace.gatech.edu!
Hello from task 10 on rich133-h35-16-l.pace.gatech.edu!
Hello from task 12 on rich133-h35-16-l.pace.gatech.edu!
Hello from task 13 on rich133-h35-16-l.pace.gatech.edu!
Hello from task 14 on rich133-h35-16-l.pace.gatech.edu!
Hello from task 15 on rich133-h35-16-l.pace.gatech.edu!
Hello from task 16 on rich133-h35-16-l.pace.gatech.edu!
Hello from task 17 on rich133-h35-16-l.pace.gatech.edu!
Hello from task 18 on rich133-h35-16-l.pace.gatech.edu!
Hello from task 23 on rich133-h35-16-l.pace.gatech.edu!
Hello from task 11 on rich133-h35-16-l.pace.gatech.edu!
Hello from task 20 on rich133-h35-16-l.pace.gatech.edu!
Hello from task 22 on rich133-h35-16-l.pace.gatech.edu!
Hello from task 19 on rich133-h35-16-l.pace.gatech.edu!
Hello from task 21 on rich133-h35-16-l.pace.gatech.edu!
---------------------------------------
Begin PBS Epilogue Mon Oct  7 14:23:44 EDT 2019
Job ID:     108790.ice-sched.pace.gatech.edu
User ID:    jhurley31
Job name:   job1
Resources:  neednodes=3:ppn=8,nodes=3:ppn=8,walltime=00:02:00
Rsrc Used:  cput=00:00:00,energy_used=0,mem=11644kb,vmem=375084kb,walltime=00:00:01
Queue:      coc-ice
Nodes:     
rich133-h35-15-r.pace.gatech.edu rich133-h35-16-l.pace.gatech.edu
End PBS Epilogue Mon Oct  7 14:23:44 EDT 2019
---------------------------------------
